-------------------------------------------------------------------------------
Test set: test.SiteTest
-------------------------------------------------------------------------------
Tests run: 1, Failures: 0, Errors: 1, Skipped: 0, Time elapsed: 0.988 s <<< FAILURE! - in test.SiteTest
test.SiteTest  Time elapsed: 0.985 s  <<< ERROR!
java.lang.RuntimeException: Could not create new instance of class org.jboss.arquillian.test.impl.EventTestRunnerAdaptor
Caused by: java.lang.reflect.InvocationTargetException
Caused by: org.jboss.arquillian.container.impl.ContainerCreationException: Could not create Container jboss
Caused by: java.lang.IllegalArgumentException: DeployableContainer must be specified

